<?xml version="1.0" encoding="UTF-8"?>
<!-- Generated by org.testng.reporters.JUnitReportReporter -->
<testsuite skipped="0" hostname="DESKTOP-Q7N8IA6" name="com.odoo.scripts.LoginTest" tests="1" failures="0" timestamp="2020-12-07T17:25:51 IST" time="19.658" errors="0">
  <testcase name="login" time="19.658" classname="com.odoo.scripts.LoginTest"/>
  <system-out/>
</testsuite> <!-- com.odoo.scripts.LoginTest -->
